<?xml version="1.0" encoding="UTF-8"?>
<testng-results ignored="1" total="2" passed="1" failed="0" skipped="0">
  <reporter-output>
  </reporter-output>
  <suite started-at="2022-06-24T18:23:33 IST" name="Default suite" finished-at="2022-06-24T18:24:02 IST" duration-ms="28419">
    <groups>
    </groups>
    <test started-at="2022-06-24T18:23:33 IST" name="Default test" finished-at="2022-06-24T18:24:02 IST" duration-ms="28419">
      <class name="Test.ForgotPageTest">
        <test-method is-config="true" signature="Browser()[pri:0, instance:Test.ForgotPageTest@5ba3f27a]" started-at="2022-06-24T18:23:33 IST" name="Browser" finished-at="2022-06-24T18:24:01 IST" duration-ms="27202" status="PASS">
          <reporter-output>
          </reporter-output>
        </test-method> <!-- Browser -->
        <test-method signature="LoginValidCredential()[pri:0, instance:Test.ForgotPageTest@5ba3f27a]" started-at="2022-06-24T18:24:01 IST" name="LoginValidCredential" finished-at="2022-06-24T18:24:02 IST" duration-ms="1184" status="PASS">
          <reporter-output>
          </reporter-output>
        </test-method> <!-- LoginValidCredential -->
      </class> <!-- Test.ForgotPageTest -->
    </test> <!-- Default test -->
  </suite> <!-- Default suite -->
</testng-results>
