<?xml version="1.0" encoding="UTF-8"?>
<!-- Generated by org.testng.reporters.JUnitXMLReporter -->
<testsuite ignored="1" hostname="LAPTOP-L52CB1G6" failures="0" tests="1" name="Default test" time="28.419" errors="0" timestamp="2022-06-24T18:24:02 IST">
  <testcase classname="Test.ForgotPageTest" name="LoginValidCredential" time="1.184"/>
  <testcase classname="Test.ForgotPageTest" name="forgotPasswordTest" time="0.0">
    <ignored/>
  </testcase> <!-- forgotPasswordTest -->
</testsuite> <!-- Default test -->
